2025-08-29 18:24:49 | INFO | __main__:50 | Logger loaded.
2025-08-29 18:24:49 | INFO | __main__:171 | STARTING main()..
2025-08-29 18:24:49 | INFO | __main__:172 | Byline:

**********************************************************
N V Tech Solutions — Project Header
**********************************************************
Author:                     Venkat Teja Nallamothu
Motto:                      Turning Data into Insights
Years Active:               5
Accepting New Clients?:     True
Our Headquarters:           Piscataway, NJ
Number of Our Locations:    5
All of Our Locations:       ['New York', 'Los Angeles', 'Chicago', 'Houston', 'Miami']
Remote Workshops?:          True
Are We Hiring?:             False
Number of Team Members:     25
Number of our Services:     3
Services:                   ['Data Analysis', 'Machine Learning', 'Business Intelligence']
Client Satisfaction Scores: [4.8, 4.6, 4.9, 5.0, 4.7]
Minimum Satisfaction Score: 4.6
Maximum Satisfaction Score: 5.0
Mean Satisfaction Score:    4.80
     Standard Deviation:    0.16
**********************************************************

2025-08-29 18:25:47 | INFO | __main__:182 | This module is organized like all Python modules.
2025-08-29 18:25:47 | INFO | __main__:183 | We write professional Python from the start.
2025-08-29 18:25:47 | INFO | __main__:184 | END main()...
2025-08-29 18:26:28 | INFO | __main__:50 | Logger loaded.
2025-08-29 18:26:28 | INFO | __main__:171 | STARTING main()..
2025-08-29 18:26:28 | INFO | __main__:172 | Byline:

**********************************************************
N V Tech Solutions — Project Header
**********************************************************
Author:                     Venkat Teja Nallamothu
Motto:                      Turning Data into Insights
Years Active:               5
Accepting New Clients?:     True
Our Headquarters:           Piscataway, NJ
Number of Our Locations:    5
All of Our Locations:       ['New York', 'Los Angeles', 'Chicago', 'Houston', 'Miami']
Remote Workshops?:          True
Are We Hiring?:             False
Number of Team Members:     25
Number of our Services:     3
Services:                   ['Data Analysis', 'Machine Learning', 'Business Intelligence']
Client Satisfaction Scores: [4.8, 4.6, 4.9, 5.0, 4.7]
Minimum Satisfaction Score: 4.6
Maximum Satisfaction Score: 5.0
Mean Satisfaction Score:    4.80
     Standard Deviation:    0.16
**********************************************************

2025-08-29 18:27:25 | INFO | __main__:182 | This module is organized like all Python modules.
2025-08-29 18:27:25 | INFO | __main__:183 | We write professional Python from the start.
2025-08-29 18:27:25 | INFO | __main__:184 | END main()...
